<?xml version="1.0" encoding="UTF-8"?>
<!-- Generated by org.testng.reporters.JUnitXMLReporter -->
<testsuite ignored="0" hostname="Ferdos" failures="0" tests="3" name="Default test" time="41.914" errors="0" timestamp="22 Jun 2019 20:40:21 GMT">
  <testcase classname="seleniummainpkg.HospitalBaseTest" name="logintest" time="24.04"/>
  <testcase classname="seleniummainpkg.My_login_Test" name="myRegistationTest" time="0.348"/>
  <testcase classname="seleniummainpkg.My_login_Test" name="settingname" time="0.214"/>
</testsuite> <!-- Default test -->
