<?xml version="1.0" encoding="UTF-8"?>
<!-- Generated by org.testng.reporters.JUnitXMLReporter -->
<testsuite ignored="1" hostname="Ferdos" failures="0" tests="1" name="My_Runningtest(failed)" time="33.773" errors="0" timestamp="09 Jul 2019 07:50:00 GMT">
  <testcase classname="seleniummainpkg.My_login_Test" name="settingname" time="0.469"/>
  <testcase classname="seleniummainpkg.My_login_Test" name="myRegistationTest" time="0.0">
    <ignored/>
  </testcase> <!-- myRegistationTest -->
</testsuite> <!-- My_Runningtest(failed) -->
